This is pdfTeX, Version 3.141592653-2.6-1.40.25 (MiKTeX 23.10) (preloaded format=pdflatex 2023.12.20)  23 FEB 2024 10:18
entering extended mode
 restricted \write18 enabled.
 %&-line parsing enabled.
**./document.tex
(document.tex
LaTeX2e <2023-06-01> patch level 1
L3 programming layer <2023-08-29>
(C:\Miktex\tex/latex/base\article.cls
Document Class: article 2023/05/17 v1.4n Standard LaTeX document class
(C:\Miktex\tex/latex/base\size10.clo
File: size10.clo 2023/05/17 v1.4n Standard LaTeX file (size option)
)
\c@part=\count185
\c@section=\count186
\c@subsection=\count187
\c@subsubsection=\count188
\c@paragraph=\count189
\c@subparagraph=\count190
\c@figure=\count191
\c@table=\count192
\abovecaptionskip=\skip48
\belowcaptionskip=\skip49
\bibindent=\dimen140
)
(C:\Miktex\tex/latex/graphics\graphicx.sty
Package: graphicx 2021/09/16 v1.2d Enhanced LaTeX Graphics (DPC,SPQR)

(C:\Miktex\tex/latex/graphics\keyval.sty
Package: keyval 2022/05/29 v1.15 key=value parser (DPC)
\KV@toks@=\toks17
)
(C:\Miktex\tex/latex/graphics\graphics.sty
Package: graphics 2022/03/10 v1.4e Standard LaTeX Graphics (DPC,SPQR)

(C:\Miktex\tex/latex/graphics\trig.sty
Package: trig 2021/08/11 v1.11 sin cos tan (DPC)
)
(C:\Miktex\tex/latex/graphics-cfg\graphics.cfg
File: graphics.cfg 2016/06/04 v1.11 sample graphics configuration
)
Package graphics Info: Driver file: pdftex.def on input line 107.

(C:\Miktex\tex/latex/graphics-def\pdftex.def
File: pdftex.def 2022/09/22 v1.2b Graphics/color driver for pdftex
))
\Gin@req@height=\dimen141
\Gin@req@width=\dimen142
)
(C:\Miktex\tex/latex/listings\listings.sty
\lst@mode=\count193
\lst@gtempboxa=\box51
\lst@token=\toks18
\lst@length=\count194
\lst@currlwidth=\dimen143
\lst@column=\count195
\lst@pos=\count196
\lst@lostspace=\dimen144
\lst@width=\dimen145
\lst@newlines=\count197
\lst@lineno=\count198
\lst@maxwidth=\dimen146

(C:\Miktex\tex/latex/listings\lstmisc.sty
File: lstmisc.sty 2023/02/27 1.9 (Carsten Heinz)
\c@lstnumber=\count199
\lst@skipnumbers=\count266
\lst@framebox=\box52
)
(C:\Miktex\tex/latex/listings\listings.cfg
File: listings.cfg 2023/02/27 1.9 listings configuration
))
Package: listings 2023/02/27 1.9 (Carsten Heinz)

(C:\Miktex\tex/latex/l3backend\l3backend-pdftex.def
File: l3backend-pdftex.def 2023-04-19 L3 backend support: PDF output (pdfTeX)
\l__color_backend_stack_int=\count267
\l__pdf_internal_box=\box53
) (document.aux)
\openout1 = `document.aux'.

LaTeX Font Info:    Checking defaults for OML/cmm/m/it on input line 5.
LaTeX Font Info:    ... okay on input line 5.
LaTeX Font Info:    Checking defaults for OMS/cmsy/m/n on input line 5.
LaTeX Font Info:    ... okay on input line 5.
LaTeX Font Info:    Checking defaults for OT1/cmr/m/n on input line 5.
LaTeX Font Info:    ... okay on input line 5.
LaTeX Font Info:    Checking defaults for T1/cmr/m/n on input line 5.
LaTeX Font Info:    ... okay on input line 5.
LaTeX Font Info:    Checking defaults for TS1/cmr/m/n on input line 5.
LaTeX Font Info:    ... okay on input line 5.
LaTeX Font Info:    Checking defaults for OMX/cmex/m/n on input line 5.
LaTeX Font Info:    ... okay on input line 5.
LaTeX Font Info:    Checking defaults for U/cmr/m/n on input line 5.
LaTeX Font Info:    ... okay on input line 5.

(C:\Miktex\tex/context/base/mkii\supp-pdf.mkii
[Loading MPS to PDF converter (version 2006.09.02).]
\scratchcounter=\count268
\scratchdimen=\dimen147
\scratchbox=\box54
\nofMPsegments=\count269
\nofMParguments=\count270
\everyMPshowfont=\toks19
\MPscratchCnt=\count271
\MPscratchDim=\dimen148
\MPnumerator=\count272
\makeMPintoPDFobject=\count273
\everyMPtoPDFconversion=\toks20
) (C:\Miktex\tex/latex/epstopdf-pkg\epstopdf-base.sty
Package: epstopdf-base 2020-01-24 v2.11 Base part for package epstopdf
Package epstopdf-base Info: Redefining graphics rule for `.eps' on input line 4
85.

(C:\Miktex\tex/latex/00miktex\epstopdf-sys.cfg
File: epstopdf-sys.cfg 2021/03/18 v2.0 Configuration of epstopdf for MiKTeX
))
\c@lstlisting=\count274
LaTeX Font Info:    External font `cmex10' loaded for size
(Font)              <12> on input line 10.
LaTeX Font Info:    External font `cmex10' loaded for size
(Font)              <8> on input line 10.
LaTeX Font Info:    External font `cmex10' loaded for size
(Font)              <6> on input line 10.

! Undefined control sequence.
\@author ->\authorID 
                     {Hatem Mohamed Ahmed Rashed}{ 20010447}
l.10 	\maketitle
                
The control sequence at the end of the top line
of your error message was never \def'ed. If you have
misspelled it (e.g., `\hobx'), type `I' and the correct
spelling (e.g., `I\hbox'). Otherwise just continue,
and I'll forget about whatever was undefined.

(C:\Miktex\tex/latex/listings\lstlang1.sty
File: lstlang1.sty 2023/02/27 1.9 listings language file
)
Overfull \hbox (81.00433pt too wide) in paragraph at lines 27--29
[][][][][][][][][][][][][][][][][][][][][][][][][] 
 []


Overfull \hbox (45.00397pt too wide) in paragraph at lines 40--41
[][][][][][][][][][][][][][][][][][][][][][] 
 []

[1

{C:/Users/LENOVO/AppData/Local/MiKTeX/fonts/map/pdftex/pdftex.map}]
Overfull \hbox (87.0044pt too wide) in paragraph at lines 44--45
[][][][][][][][][][][][][][][][][][][][][][][][][] 
 []


Overfull \hbox (15.00366pt too wide) in paragraph at lines 47--48
[][][][][][][][][][][][][][][][][][] 
 []


Overfull \hbox (75.00427pt too wide) in paragraph at lines 48--49
[][][][][][][][][][][][][][][][][][][][][][][]
 []


Overfull \hbox (117.0047pt too wide) in paragraph at lines 49--50
[][][][][][][][][][][][][][][][][][][][][][][][][][][] 
 []


Overfull \hbox (21.00372pt too wide) in paragraph at lines 51--52
[][][][][][][][][][][][][][][][][][][] 
 []


Overfull \hbox (27.00378pt too wide) in paragraph at lines 54--55
[][][][][][][][][][][][][][][][][][][][] 
 []

LaTeX Font Info:    Trying to load font information for OML+cmr on input line 5
5.
(C:\Miktex\tex/latex/base\omlcmr.fd
File: omlcmr.fd 2023/04/13 v2.5m Standard LaTeX font definitions
)
LaTeX Font Info:    Font shape `OML/cmr/m/n' in size <10> not available
(Font)              Font shape `OML/cmm/m/it' tried instead on input line 55.

Overfull \hbox (27.00378pt too wide) in paragraph at lines 58--59
[][][][][][][][][][][][][][][][][][][] 
 []

LaTeX Font Info:    External font `cmex10' loaded for size
(Font)              <7> on input line 81.
LaTeX Font Info:    External font `cmex10' loaded for size
(Font)              <5> on input line 81.
[2]

LaTeX Font Warning: Command \small invalid in math mode on input line 86.


LaTeX Font Warning: Command \small invalid in math mode on input line 89.


LaTeX Font Warning: Command \small invalid in math mode on input line 94.


LaTeX Font Warning: Command \small invalid in math mode on input line 98.

<lab_digital1.png, id=17, 332.442pt x 274.626pt>
File: lab_digital1.png Graphic file (type png)
<use lab_digital1.png>
Package pdftex.def Info: lab_digital1.png  used on input line 106.
(pdftex.def)             Requested size: 175.9481pt x 145.34993pt.
[3 <./lab_digital1.png (PNG copy)>] (document.aux)
 ***********
LaTeX2e <2023-06-01> patch level 1
L3 programming layer <2023-08-29>
 ***********
 ) 
Here is how much of TeX's memory you used:
 3563 strings out of 475248
 49704 string characters out of 5774224
 1958785 words of memory out of 5000000
 25106 multiletter control sequences out of 15000+600000
 563681 words of font info for 54 fonts, out of 8000000 for 9000
 1141 hyphenation exceptions out of 8191
 57i,7n,65p,489b,2147s stack positions out of 10000i,1000n,20000p,200000b,200000s
 <C:\Users\LENOVO\AppData\Local\MiKTeX\fonts/pk/ljfour/jknappen/ec/dpi600\tct
i1000.pk> <C:\Users\LENOVO\AppData\Local\MiKTeX\fonts/pk/ljfour/jknappen/ec/dpi
600\tcrm1000.pk><C:/Miktex/fonts/type1/public/amsfonts/cm/cmbx10.pfb><C:/Miktex
/fonts/type1/public/amsfonts/cm/cmbx12.pfb><C:/Miktex/fonts/type1/public/amsfon
ts/cm/cmmi10.pfb><C:/Miktex/fonts/type1/public/amsfonts/cm/cmmi7.pfb><C:/Miktex
/fonts/type1/public/amsfonts/cm/cmr10.pfb><C:/Miktex/fonts/type1/public/amsfont
s/cm/cmr12.pfb><C:/Miktex/fonts/type1/public/amsfonts/cm/cmr17.pfb><C:/Miktex/f
onts/type1/public/amsfonts/cm/cmr7.pfb><C:/Miktex/fonts/type1/public/amsfonts/c
m/cmti10.pfb>
Output written on document.pdf (3 pages, 155847 bytes).
PDF statistics:
 69 PDF objects out of 1000 (max. 8388607)
 0 named destinations out of 1000 (max. 500000)
 6 words of extra memory for PDF output out of 10000 (max. 10000000)

